<?xml version="1.0" encoding="UTF-8"?>
<coverage generated="1670008416971" clover="3.2.0">
  <project timestamp="1670008416971" name="All files">
    <metrics statements="17" coveredstatements="12" conditionals="12" coveredconditionals="8" methods="3" coveredmethods="3" elements="32" coveredelements="23" complexity="0" loc="17" ncloc="17" packages="1" files="1" classes="1"/>
    <file name="util.js" path="C:\Users\Dario\OneDrive\Desktop\DH-TESTIG-01\js-testing-introduction\util.js">
      <metrics statements="17" coveredstatements="12" conditionals="12" coveredconditionals="8" methods="3" coveredmethods="3"/>
      <line num="1" count="1" type="stmt"/>
      <line num="3" count="3" type="stmt"/>
      <line num="6" count="1" type="stmt"/>
      <line num="9" count="1" type="stmt"/>
      <line num="10" count="0" type="stmt"/>
      <line num="11" count="0" type="stmt"/>
      <line num="12" count="0" type="stmt"/>
      <line num="15" count="1" type="stmt"/>
      <line num="17" count="4" type="cond" truecount="2" falsecount="0"/>
      <line num="18" count="1" type="stmt"/>
      <line num="21" count="3" type="cond" truecount="2" falsecount="0"/>
      <line num="22" count="1" type="stmt"/>
      <line num="25" count="2" type="cond" truecount="2" falsecount="2"/>
      <line num="26" count="0" type="stmt"/>
      <line num="28" count="2" type="cond" truecount="2" falsecount="2"/>
      <line num="29" count="0" type="stmt"/>
      <line num="31" count="2" type="stmt"/>
    </file>
  </project>
</coverage>
